<?xml version="1.0" encoding="UTF-8"?>
<!-- Generated by org.testng.reporters.JUnitReportReporter -->
<testsuite hostname="LAPTOP-ULE65TSE" failures="0" tests="1" name="Com.ExcelData.Drivendata" time="0.894" errors="0" timestamp="2021-06-13T12:22:50 IST" skipped="0">
  <testcase classname="Com.ExcelData.Drivendata" name="getdata" time="0.894"/>
  <system-out/>
</testsuite> <!-- Com.ExcelData.Drivendata -->
